============================= test session starts ==============================
platform linux -- Python 3.12.3, pytest-9.1.1, pluggy-1.6.0
rootdir: /home/turma01/conferencia-lotes-qualidade
configfile: pyproject.toml
plugins: cov-7.1.0, hydra-core-1.3.4, anyio-4.14.2
collected 156 items

tests/e2e/test_contra_gabarito.py sss                                    [  1%]
tests/integration/test_aula22_relatorio.py ...........                   [  8%]
tests/integration/test_relatorio_consolidado.py ...                      [ 10%]
tests/integration/test_webapp_aula22.py ..........                       [ 17%]
tests/unit/test_aula22_classificacao.py .........................        [ 33%]
tests/unit/test_classificacao_parametrize.py ...............             [ 42%]
tests/unit/test_normalizacao_status.py ...............                   [ 52%]
tests/unit/test_observacao.py ......                                     [ 56%]
tests/unit/test_operational_indicators.py ...........................    [ 73%]
tests/unit/test_resumo_executivo.py ........                             [ 78%]
tests/unit/test_validacao.py .........                                   [ 84%]
tests/unit/test_validacao_lotes.py ........x.....s                       [ 94%]
tests/unit/test_validacao_testcase.py .........                          [100%]

=============================== warnings summary ===============================
.venv/lib/python3.12/site-packages/fastapi/testclient.py:1
  /home/turma01/conferencia-lotes-qualidade/.venv/lib/python3.12/site-packages/fastapi/testclient.py:1: StarletteDeprecationWarning: Using `httpx` with `starlette.testclient` is deprecated; install `httpx2` instead.
    from starlette.testclient import TestClient as TestClient  # noqa

-- Docs: https://docs.pytest.org/en/stable/how-to/capture-warnings.html
================================ tests coverage ================================
_______________ coverage: platform linux, python 3.12.3-final-0 ________________

Name                                 Stmts   Miss  Cover   Missing
------------------------------------------------------------------
src/aula22_classificacao.py            109      1    99%   263
src/aula22_preprocessador.py            39      2    95%   30, 50
src/aula22_relatorio.py                188      0   100%
src/modules/__init__.py                  0      0   100%
src/modules/normalizacao_status.py      23      0   100%
src/modules/observacao.py               17      0   100%
src/modules/validacao.py                25      1    96%   53
src/modules/verificacao_lotes.py        29      0   100%
src/operational_indicators.py           49      0   100%
src/resumo_executivo.py                 13      0   100%
------------------------------------------------------------------
TOTAL                                  492      4    99%
Required test coverage of 80% reached. Total coverage: 99.19%
============= 151 passed, 4 skipped, 1 xfailed, 1 warning in 2.45s =============
